This file contains any messages produced by compilers while
running configure, to aid debugging if configure makes a mistake.

It was created by upower configure 0.9.5, which was
generated by GNU Autoconf 2.66.  Invocation command line was

  $ ./configure --build=i486-linux-gnu --prefix=/usr --includedir=${prefix}/include --mandir=${prefix}/share/man --infodir=${prefix}/share/info --sysconfdir=/etc --localstatedir=/var --libexecdir=${prefix}/lib/upower --disable-maintainer-mode --disable-dependency-tracking --enable-gtk-doc --enable-introspection

## --------- ##
## Platform. ##
## --------- ##

hostname = solusos
uname -m = i686
uname -r = 3.2.0-0.bpo.1-686-pae
uname -s = Linux
uname -v = #1 SMP Thu Jan 26 01:40:55 UTC 2012

/usr/bin/uname -p = unknown
/bin/uname -X     = unknown

/bin/arch              = unknown
/usr/bin/arch -k       = unknown
/usr/convex/getsysinfo = unknown
/usr/bin/hostinfo      = unknown
/bin/machine           = unknown
/usr/bin/oslevel       = unknown
/bin/universe          = unknown

PATH: /usr/local/bin
PATH: /usr/bin
PATH: /bin
PATH: /usr/local/games
PATH: /usr/games


## ----------- ##
## Core tests. ##
## ----------- ##

configure:2393: checking for a BSD-compatible install
configure:2461: result: /usr/bin/install -c
configure:2472: checking whether build environment is sane
configure:2522: result: yes
configure:2663: checking for a thread-safe mkdir -p
configure:2702: result: /bin/mkdir -p
configure:2715: checking for gawk
configure:2731: found /usr/bin/gawk
configure:2742: result: gawk
configure:2753: checking whether make sets $(MAKE)
configure:2775: result: yes
configure:2850: checking how to create a ustar tar archive
configure:2863: tar --version
tar (GNU tar) 1.23
Copyright (C) 2010 Free Software Foundation, Inc.
License GPLv3+: GNU GPL version 3 or later <http://gnu.org/licenses/gpl.html>.
This is free software: you are free to change and redistribute it.
There is NO WARRANTY, to the extent permitted by law.

Written by John Gilmore and Jay Fenlason.
configure:2866: $? = 0
configure:2906: tardir=conftest.dir && eval tar --format=ustar -chf - "$tardir" >conftest.tar
configure:2909: $? = 0
configure:2913: tar -xf - <conftest.tar
configure:2916: $? = 0
configure:2929: result: gnutar
configure:2993: checking for pkg-config
configure:3011: found /usr/bin/pkg-config
configure:3023: result: /usr/bin/pkg-config
configure:3048: checking pkg-config is at least version 0.9.0
configure:3051: result: yes
configure:3071: checking for gobject-introspection
configure:3081: $PKG_CONFIG --exists --print-errors "gobject-introspection-1.0"
configure:3084: $? = 0
configure:3093: $PKG_CONFIG --exists --print-errors "gobject-introspection-1.0 >= 0.6.7"
configure:3096: $? = 0
configure:3122: result: yes
configure:3210: checking for style of include used by make
configure:3238: result: GNU
configure:3308: checking for gcc
configure:3324: found /usr/bin/gcc
configure:3335: result: gcc
configure:3564: checking for C compiler version
configure:3573: gcc --version >&5
gcc (Debian 4.4.5-8) 4.4.5
Copyright (C) 2010 Free Software Foundation, Inc.
This is free software; see the source for copying conditions.  There is NO
warranty; not even for MERCHANTABILITY or FITNESS FOR A PARTICULAR PURPOSE.

configure:3584: $? = 0
configure:3573: gcc -v >&5
Using built-in specs.
Target: i486-linux-gnu
Configured with: ../src/configure -v --with-pkgversion='Debian 4.4.5-8' --with-bugurl=file:///usr/share/doc/gcc-4.4/README.Bugs --enable-languages=c,c++,fortran,objc,obj-c++ --prefix=/usr --program-suffix=-4.4 --enable-shared --enable-multiarch --enable-linker-build-id --with-system-zlib --libexecdir=/usr/lib --without-included-gettext --enable-threads=posix --with-gxx-include-dir=/usr/include/c++/4.4 --libdir=/usr/lib --enable-nls --enable-clocale=gnu --enable-libstdcxx-debug --enable-objc-gc --enable-targets=all --with-arch-32=i586 --with-tune=generic --enable-checking=release --build=i486-linux-gnu --host=i486-linux-gnu --target=i486-linux-gnu
Thread model: posix
gcc version 4.4.5 (Debian 4.4.5-8) 
configure:3584: $? = 0
configure:3573: gcc -V >&5
gcc: '-V' option must have argument
configure:3584: $? = 1
configure:3573: gcc -qversion >&5
gcc: unrecognized option '-qversion'
gcc: no input files
configure:3584: $? = 1
configure:3604: checking whether the C compiler works
configure:3626: gcc -g -O2   conftest.c  >&5
configure:3630: $? = 0
configure:3678: result: yes
configure:3681: checking for C compiler default output file name
configure:3683: result: a.out
configure:3689: checking for suffix of executables
configure:3696: gcc -o conftest -g -O2   conftest.c  >&5
configure:3700: $? = 0
configure:3722: result: 
configure:3744: checking whether we are cross compiling
configure:3752: gcc -o conftest -g -O2   conftest.c  >&5
configure:3756: $? = 0
configure:3763: ./conftest
configure:3767: $? = 0
configure:3782: result: no
configure:3787: checking for suffix of object files
configure:3809: gcc -c -g -O2  conftest.c >&5
configure:3813: $? = 0
configure:3834: result: o
configure:3838: checking whether we are using the GNU C compiler
configure:3857: gcc -c -g -O2  conftest.c >&5
configure:3857: $? = 0
configure:3866: result: yes
configure:3875: checking whether gcc accepts -g
configure:3895: gcc -c -g  conftest.c >&5
configure:3895: $? = 0
configure:3936: result: yes
configure:3953: checking for gcc option to accept ISO C89
configure:4017: gcc  -c -g -O2  conftest.c >&5
configure:4017: $? = 0
configure:4030: result: none needed
configure:4052: checking dependency style of gcc
configure:4162: result: none
configure:4178: checking for library containing strerror
configure:4209: gcc -o conftest -g -O2   conftest.c  >&5
configure:4209: $? = 0
configure:4226: result: none required
configure:4282: checking for gcc
configure:4309: result: gcc
configure:4538: checking for C compiler version
configure:4547: gcc --version >&5
gcc (Debian 4.4.5-8) 4.4.5
Copyright (C) 2010 Free Software Foundation, Inc.
This is free software; see the source for copying conditions.  There is NO
warranty; not even for MERCHANTABILITY or FITNESS FOR A PARTICULAR PURPOSE.

configure:4558: $? = 0
configure:4547: gcc -v >&5
Using built-in specs.
Target: i486-linux-gnu
Configured with: ../src/configure -v --with-pkgversion='Debian 4.4.5-8' --with-bugurl=file:///usr/share/doc/gcc-4.4/README.Bugs --enable-languages=c,c++,fortran,objc,obj-c++ --prefix=/usr --program-suffix=-4.4 --enable-shared --enable-multiarch --enable-linker-build-id --with-system-zlib --libexecdir=/usr/lib --without-included-gettext --enable-threads=posix --with-gxx-include-dir=/usr/include/c++/4.4 --libdir=/usr/lib --enable-nls --enable-clocale=gnu --enable-libstdcxx-debug --enable-objc-gc --enable-targets=all --with-arch-32=i586 --with-tune=generic --enable-checking=release --build=i486-linux-gnu --host=i486-linux-gnu --target=i486-linux-gnu
Thread model: posix
gcc version 4.4.5 (Debian 4.4.5-8) 
configure:4558: $? = 0
configure:4547: gcc -V >&5
gcc: '-V' option must have argument
configure:4558: $? = 1
configure:4547: gcc -qversion >&5
gcc: unrecognized option '-qversion'
gcc: no input files
configure:4558: $? = 1
configure:4562: checking whether we are using the GNU C compiler
configure:4590: result: yes
configure:4599: checking whether gcc accepts -g
configure:4660: result: yes
configure:4677: checking for gcc option to accept ISO C89
configure:4754: result: none needed
configure:4776: checking dependency style of gcc
configure:4886: result: none
configure:4907: checking how to run the C preprocessor
configure:4938: gcc -E  conftest.c
configure:4938: $? = 0
configure:4952: gcc -E  conftest.c
conftest.c:11:28: error: ac_nonexistent.h: No such file or directory
configure:4952: $? = 1
configure: failed program was:
| /* confdefs.h */
| #define PACKAGE_NAME "upower"
| #define PACKAGE_TARNAME "upower"
| #define PACKAGE_VERSION "0.9.5"
| #define PACKAGE_STRING "upower 0.9.5"
| #define PACKAGE_BUGREPORT "richard@hughsie.com"
| #define PACKAGE_URL ""
| #define PACKAGE "upower"
| #define VERSION "0.9.5"
| /* end confdefs.h.  */
| #include <ac_nonexistent.h>
configure:4977: result: gcc -E
configure:4997: gcc -E  conftest.c
configure:4997: $? = 0
configure:5011: gcc -E  conftest.c
conftest.c:11:28: error: ac_nonexistent.h: No such file or directory
configure:5011: $? = 1
configure: failed program was:
| /* confdefs.h */
| #define PACKAGE_NAME "upower"
| #define PACKAGE_TARNAME "upower"
| #define PACKAGE_VERSION "0.9.5"
| #define PACKAGE_STRING "upower 0.9.5"
| #define PACKAGE_BUGREPORT "richard@hughsie.com"
| #define PACKAGE_URL ""
| #define PACKAGE "upower"
| #define VERSION "0.9.5"
| /* end confdefs.h.  */
| #include <ac_nonexistent.h>
configure:5040: checking for grep that handles long lines and -e
configure:5098: result: /bin/grep
configure:5103: checking for egrep
configure:5165: result: /bin/grep -E
configure:5170: checking for ANSI C header files
configure:5190: gcc -c -g -O2  conftest.c >&5
configure:5190: $? = 0
configure:5263: gcc -o conftest -g -O2   conftest.c  >&5
configure:5263: $? = 0
configure:5263: ./conftest
configure:5263: $? = 0
configure:5274: result: yes
configure:5311: checking build system type
configure:5325: result: i486-pc-linux-gnu
configure:5345: checking host system type
configure:5358: result: i486-pc-linux-gnu
configure:5399: checking how to print strings
configure:5426: result: printf
configure:5447: checking for a sed that does not truncate output
configure:5511: result: /bin/sed
configure:5529: checking for fgrep
configure:5591: result: /bin/grep -F
configure:5626: checking for ld used by gcc
configure:5693: result: /usr/bin/ld
configure:5700: checking if the linker (/usr/bin/ld) is GNU ld
configure:5715: result: yes
configure:5727: checking for BSD- or MS-compatible name lister (nm)
configure:5776: result: /usr/bin/nm -B
configure:5906: checking the name lister (/usr/bin/nm -B) interface
configure:5913: gcc -c -g -O2  conftest.c >&5
configure:5916: /usr/bin/nm -B "conftest.o"
configure:5919: output
00000000 B some_variable
configure:5926: result: BSD nm
configure:5929: checking whether ln -s works
configure:5933: result: yes
configure:5941: checking the maximum length of command line arguments
configure:6066: result: 805306365
configure:6083: checking whether the shell understands some XSI constructs
configure:6093: result: yes
configure:6097: checking whether the shell understands "+="
configure:6103: result: yes
configure:6138: checking for /usr/bin/ld option to reload object files
configure:6145: result: -r
configure:6214: checking for objdump
configure:6230: found /usr/bin/objdump
configure:6241: result: objdump
configure:6273: checking how to recognize dependent libraries
configure:6475: result: pass_all
configure:6535: checking for ar
configure:6551: found /usr/bin/ar
configure:6562: result: ar
configure:6640: checking for strip
configure:6656: found /usr/bin/strip
configure:6667: result: strip
configure:6739: checking for ranlib
configure:6755: found /usr/bin/ranlib
configure:6766: result: ranlib
configure:6868: checking command to parse /usr/bin/nm -B output from gcc object
configure:6986: gcc -c -g -O2  conftest.c >&5
configure:6989: $? = 0
configure:6993: /usr/bin/nm -B conftest.o \| sed -n -e 's/^.*[ ]\([ABCDGIRSTW][ABCDGIRSTW]*\)[ ][ ]*\([_A-Za-z][_A-Za-z0-9]*\)$/\1 \2 \2/p' \> conftest.nm
configure:6996: $? = 0
configure:7050: gcc -o conftest -g -O2   conftest.c conftstm.o >&5
configure:7053: $? = 0
configure:7091: result: ok
configure:7931: checking for sys/types.h
configure:7931: gcc -c -g -O2  conftest.c >&5
configure:7931: $? = 0
configure:7931: result: yes
configure:7931: checking for sys/stat.h
configure:7931: gcc -c -g -O2  conftest.c >&5
configure:7931: $? = 0
configure:7931: result: yes
configure:7931: checking for stdlib.h
configure:7931: gcc -c -g -O2  conftest.c >&5
configure:7931: $? = 0
configure:7931: result: yes
configure:7931: checking for string.h
configure:7931: gcc -c -g -O2  conftest.c >&5
configure:7931: $? = 0
configure:7931: result: yes
configure:7931: checking for memory.h
configure:7931: gcc -c -g -O2  conftest.c >&5
configure:7931: $? = 0
configure:7931: result: yes
configure:7931: checking for strings.h
configure:7931: gcc -c -g -O2  conftest.c >&5
configure:7931: $? = 0
configure:7931: result: yes
configure:7931: checking for inttypes.h
configure:7931: gcc -c -g -O2  conftest.c >&5
configure:7931: $? = 0
configure:7931: result: yes
configure:7931: checking for stdint.h
configure:7931: gcc -c -g -O2  conftest.c >&5
configure:7931: $? = 0
configure:7931: result: yes
configure:7931: checking for unistd.h
configure:7931: gcc -c -g -O2  conftest.c >&5
configure:7931: $? = 0
configure:7931: result: yes
configure:7945: checking for dlfcn.h
configure:7945: gcc -c -g -O2  conftest.c >&5
configure:7945: $? = 0
configure:7945: result: yes
configure:8132: checking for objdir
configure:8147: result: .libs
configure:8418: checking if gcc supports -fno-rtti -fno-exceptions
configure:8436: gcc -c -g -O2  -fno-rtti -fno-exceptions conftest.c >&5
cc1: warning: command line option "-fno-rtti" is valid for C++/ObjC++ but not for C
configure:8440: $? = 0
configure:8453: result: no
configure:8473: checking for gcc option to produce PIC
configure:8758: result: -fPIC -DPIC
configure:8770: checking if gcc PIC flag -fPIC -DPIC works
configure:8788: gcc -c -g -O2  -fPIC -DPIC -DPIC conftest.c >&5
configure:8792: $? = 0
configure:8805: result: yes
configure:8829: checking if gcc static flag -static works
configure:8857: result: yes
configure:8872: checking if gcc supports -c -o file.o
configure:8893: gcc -c -g -O2  -o out/conftest2.o conftest.c >&5
configure:8897: $? = 0
configure:8919: result: yes
configure:8927: checking if gcc supports -c -o file.o
configure:8974: result: yes
configure:9007: checking whether the gcc linker (/usr/bin/ld) supports shared libraries
configure:10082: result: yes
configure:10119: checking whether -lc should be explicitly linked in
configure:10127: gcc -c -g -O2  conftest.c >&5
configure:10130: $? = 0
configure:10145: gcc -shared conftest.o  -v -Wl,-soname -Wl,conftest -o conftest 2\>\&1 \| /bin/grep  -lc  \>/dev/null 2\>\&1
configure:10148: $? = 0
configure:10162: result: no
configure:10327: checking dynamic linker characteristics
configure:10782: gcc -o conftest -g -O2   -Wl,-rpath -Wl,/foo conftest.c  >&5
configure:10782: $? = 0
configure:11008: result: GNU/Linux ld.so
configure:11115: checking how to hardcode library paths into programs
configure:11140: result: immediate
configure:11680: checking whether stripping libraries is possible
configure:11685: result: yes
configure:11720: checking if libtool supports shared libraries
configure:11722: result: yes
configure:11725: checking whether to build shared libraries
configure:11746: result: yes
configure:11749: checking whether to build static libraries
configure:11753: result: yes
configure:11788: checking whether make sets $(MAKE)
configure:11810: result: yes
configure:11819: checking whether ln -s works
configure:11823: result: yes
configure:11837: checking for special C compiler options needed for large files
configure:11882: result: no
configure:11888: checking for _FILE_OFFSET_BITS value needed for large files
configure:11913: gcc -c -g -O2  conftest.c >&5
conftest.c:29: warning: left shift count >= width of type
conftest.c:29: warning: left shift count >= width of type
conftest.c:31: error: size of array 'off_t_is_large' is negative
configure:11913: $? = 1
configure: failed program was:
| /* confdefs.h */
| #define PACKAGE_NAME "upower"
| #define PACKAGE_TARNAME "upower"
| #define PACKAGE_VERSION "0.9.5"
| #define PACKAGE_STRING "upower 0.9.5"
| #define PACKAGE_BUGREPORT "richard@hughsie.com"
| #define PACKAGE_URL ""
| #define PACKAGE "upower"
| #define VERSION "0.9.5"
| #define STDC_HEADERS 1
| #define HAVE_SYS_TYPES_H 1
| #define HAVE_SYS_STAT_H 1
| #define HAVE_STDLIB_H 1
| #define HAVE_STRING_H 1
| #define HAVE_MEMORY_H 1
| #define HAVE_STRINGS_H 1
| #define HAVE_INTTYPES_H 1
| #define HAVE_STDINT_H 1
| #define HAVE_UNISTD_H 1
| #define HAVE_DLFCN_H 1
| #define LT_OBJDIR ".libs/"
| /* end confdefs.h.  */
| #include <sys/types.h>
|  /* Check that off_t can represent 2**63 - 1 correctly.
|     We can't simply define LARGE_OFF_T to be 9223372036854775807,
|     since some C++ compilers masquerading as C compilers
|     incorrectly reject 9223372036854775807.  */
| #define LARGE_OFF_T (((off_t) 1 << 62) - 1 + ((off_t) 1 << 62))
|   int off_t_is_large[(LARGE_OFF_T % 2147483629 == 721
| 		       && LARGE_OFF_T % 2147483647 == 1)
| 		      ? 1 : -1];
| int
| main ()
| {
| 
|   ;
|   return 0;
| }
configure:11937: gcc -c -g -O2  conftest.c >&5
configure:11937: $? = 0
configure:11945: result: 64
configure:12029: checking whether gcc and cc understand -c and -o together
configure:12060: gcc -c conftest.c -o conftest2.o >&5
configure:12064: $? = 0
configure:12070: gcc -c conftest.c -o conftest2.o >&5
configure:12074: $? = 0
configure:12085: cc -c conftest.c >&5
configure:12089: $? = 0
configure:12097: cc -c conftest.c -o conftest2.o >&5
configure:12101: $? = 0
configure:12107: cc -c conftest.c -o conftest2.o >&5
configure:12111: $? = 0
configure:12129: result: yes
configure:12181: checking for xsltproc
configure:12199: found /usr/bin/xsltproc
configure:12211: result: /usr/bin/xsltproc
configure:12236: checking for gtkdoc-check
configure:12254: found /usr/bin/gtkdoc-check
configure:12266: result: /usr/bin/gtkdoc-check
configure:12278: checking for gtkdoc-rebase
configure:12296: found /usr/bin/gtkdoc-rebase
configure:12308: result: /usr/bin/gtkdoc-rebase
configure:12322: checking for gtkdoc-mkpdf
configure:12340: found /usr/bin/gtkdoc-mkpdf
configure:12352: result: /usr/bin/gtkdoc-mkpdf
configure:12383: $PKG_CONFIG --exists --print-errors "gtk-doc >= 1.9"
configure:12386: $? = 0
configure:12395: checking whether to build gtk-doc documentation
configure:12397: result: yes
configure:12533: checking for GLIB
configure:12541: $PKG_CONFIG --exists --print-errors "glib-2.0 >= 2.21.5"
configure:12544: $? = 0
configure:12560: $PKG_CONFIG --exists --print-errors "glib-2.0 >= 2.21.5"
configure:12563: $? = 0
configure:12625: result: yes
configure:12638: checking for DBUS
configure:12646: $PKG_CONFIG --exists --print-errors "dbus-1 >= 1.0"
configure:12649: $? = 0
configure:12665: $PKG_CONFIG --exists --print-errors "dbus-1 >= 1.0"
configure:12668: $? = 0
configure:12730: result: yes
configure:12743: checking for DBUS_GLIB
configure:12751: $PKG_CONFIG --exists --print-errors "dbus-glib-1 >= 0.76"
configure:12754: $? = 0
configure:12770: $PKG_CONFIG --exists --print-errors "dbus-glib-1 >= 0.76"
configure:12773: $? = 0
configure:12835: result: yes
configure:12848: checking for POLKIT
configure:12856: $PKG_CONFIG --exists --print-errors "polkit-gobject-1 >= 0.91"
configure:12859: $? = 0
configure:12875: $PKG_CONFIG --exists --print-errors "polkit-gobject-1 >= 0.91"
configure:12878: $? = 0
configure:12940: result: yes
configure:12953: checking for GIO
configure:12961: $PKG_CONFIG --exists --print-errors "gio-2.0 >= 2.16.1"
configure:12964: $? = 0
configure:12980: $PKG_CONFIG --exists --print-errors "gio-2.0 >= 2.16.1"
configure:12983: $? = 0
configure:13045: result: yes
configure:13085: checking for GUDEV
configure:13093: $PKG_CONFIG --exists --print-errors "gudev-1.0 >= 001"
configure:13096: $? = 0
configure:13112: $PKG_CONFIG --exists --print-errors "gudev-1.0 >= 001"
configure:13115: $? = 0
configure:13177: result: yes
configure:13187: checking for USB
configure:13195: $PKG_CONFIG --exists --print-errors "libusb-1.0 >= 1.0.0"
configure:13198: $? = 0
configure:13214: $PKG_CONFIG --exists --print-errors "libusb-1.0 >= 1.0.0"
configure:13217: $? = 0
configure:13279: result: yes
configure:13289: checking for IDEVICE
configure:13297: $PKG_CONFIG --exists --print-errors "libimobiledevice-1.0 >= 0.9.7"
configure:13300: $? = 0
configure:13316: $PKG_CONFIG --exists --print-errors "libimobiledevice-1.0 >= 0.9.7"
configure:13319: $? = 0
configure:13359: result: yes
configure:13427: checking whether NLS is requested
configure:13436: result: yes
configure:13451: checking for intltool >= 0.40.0
configure:13458: result: 0.41.1 found
configure:13466: checking for intltool-update
configure:13484: found /usr/bin/intltool-update
configure:13496: result: /usr/bin/intltool-update
configure:13506: checking for intltool-merge
configure:13524: found /usr/bin/intltool-merge
configure:13536: result: /usr/bin/intltool-merge
configure:13546: checking for intltool-extract
configure:13564: found /usr/bin/intltool-extract
configure:13576: result: /usr/bin/intltool-extract
configure:13707: checking for xgettext
configure:13725: found /usr/bin/xgettext
configure:13737: result: /usr/bin/xgettext
configure:13747: checking for msgmerge
configure:13765: found /usr/bin/msgmerge
configure:13777: result: /usr/bin/msgmerge
configure:13787: checking for msgfmt
configure:13805: found /usr/bin/msgfmt
configure:13817: result: /usr/bin/msgfmt
configure:13827: checking for gmsgfmt
configure:13858: result: /usr/bin/msgfmt
configure:13878: checking for perl
configure:13896: found /usr/bin/perl
configure:13908: result: /usr/bin/perl
configure:13919: checking for perl >= 5.8.1
configure:13926: result: 5.10.1
configure:13930: checking for XML::Parser
configure:13933: result: ok
configure:13958: gcc -o conftest -g -O2  -DG_DISABLE_SINGLE_INCLUDES -DGTK_DISABLE_SINGLE_INCLUDES -DG_DISABLE_DEPRECATED -DGTK_DISABLE_DEPRECATED -DGDK_DISABLE_DEPRECATED -DGDK_MULTIHEAD_SAFE -DGTK_MULTIHEAD_SAFE -DGSEAL_ENABLE -Wl,--as-needed  conftest.c  >&5
configure:13958: $? = 0
configure:13989: checking locale.h usability
configure:13989: gcc -c -g -O2  -DG_DISABLE_SINGLE_INCLUDES -DGTK_DISABLE_SINGLE_INCLUDES -DG_DISABLE_DEPRECATED -DGTK_DISABLE_DEPRECATED -DGDK_DISABLE_DEPRECATED -DGDK_MULTIHEAD_SAFE -DGTK_MULTIHEAD_SAFE -DGSEAL_ENABLE conftest.c >&5
configure:13989: $? = 0
configure:13989: result: yes
configure:13989: checking locale.h presence
configure:13989: gcc -E  -DG_DISABLE_SINGLE_INCLUDES -DGTK_DISABLE_SINGLE_INCLUDES -DG_DISABLE_DEPRECATED -DGTK_DISABLE_DEPRECATED -DGDK_DISABLE_DEPRECATED -DGDK_MULTIHEAD_SAFE -DGTK_MULTIHEAD_SAFE -DGSEAL_ENABLE conftest.c
configure:13989: $? = 0
configure:13989: result: yes
configure:13989: checking for locale.h
configure:13989: result: yes
configure:14000: checking for LC_MESSAGES
configure:14016: gcc -o conftest -g -O2  -DG_DISABLE_SINGLE_INCLUDES -DGTK_DISABLE_SINGLE_INCLUDES -DG_DISABLE_DEPRECATED -DGTK_DISABLE_DEPRECATED -DGDK_DISABLE_DEPRECATED -DGDK_MULTIHEAD_SAFE -DGTK_MULTIHEAD_SAFE -DGSEAL_ENABLE -Wl,--as-needed  conftest.c  >&5
configure:14016: $? = 0
configure:14024: result: yes
configure:14041: checking libintl.h usability
configure:14041: gcc -c -g -O2  -DG_DISABLE_SINGLE_INCLUDES -DGTK_DISABLE_SINGLE_INCLUDES -DG_DISABLE_DEPRECATED -DGTK_DISABLE_DEPRECATED -DGDK_DISABLE_DEPRECATED -DGDK_MULTIHEAD_SAFE -DGTK_MULTIHEAD_SAFE -DGSEAL_ENABLE conftest.c >&5
configure:14041: $? = 0
configure:14041: result: yes
configure:14041: checking libintl.h presence
configure:14041: gcc -E  -DG_DISABLE_SINGLE_INCLUDES -DGTK_DISABLE_SINGLE_INCLUDES -DG_DISABLE_DEPRECATED -DGTK_DISABLE_DEPRECATED -DGDK_DISABLE_DEPRECATED -DGDK_MULTIHEAD_SAFE -DGTK_MULTIHEAD_SAFE -DGSEAL_ENABLE conftest.c
configure:14041: $? = 0
configure:14041: result: yes
configure:14041: checking for libintl.h
configure:14041: result: yes
configure:14049: checking for ngettext in libc
configure:14067: gcc -o conftest -g -O2  -DG_DISABLE_SINGLE_INCLUDES -DGTK_DISABLE_SINGLE_INCLUDES -DG_DISABLE_DEPRECATED -DGTK_DISABLE_DEPRECATED -DGDK_DISABLE_DEPRECATED -DGDK_MULTIHEAD_SAFE -DGTK_MULTIHEAD_SAFE -DGSEAL_ENABLE -Wl,--as-needed  conftest.c  >&5
configure:14067: $? = 0
configure:14076: result: yes
configure:14080: checking for dgettext in libc
configure:14098: gcc -o conftest -g -O2  -DG_DISABLE_SINGLE_INCLUDES -DGTK_DISABLE_SINGLE_INCLUDES -DG_DISABLE_DEPRECATED -DGTK_DISABLE_DEPRECATED -DGDK_DISABLE_DEPRECATED -DGDK_MULTIHEAD_SAFE -DGTK_MULTIHEAD_SAFE -DGSEAL_ENABLE -Wl,--as-needed  conftest.c  >&5
configure:14098: $? = 0
configure:14107: result: yes
configure:14114: checking for bind_textdomain_codeset
configure:14114: gcc -o conftest -g -O2  -DG_DISABLE_SINGLE_INCLUDES -DGTK_DISABLE_SINGLE_INCLUDES -DG_DISABLE_DEPRECATED -DGTK_DISABLE_DEPRECATED -DGDK_DISABLE_DEPRECATED -DGDK_MULTIHEAD_SAFE -DGTK_MULTIHEAD_SAFE -DGSEAL_ENABLE -Wl,--as-needed  conftest.c  >&5
configure:14114: $? = 0
configure:14114: result: yes
configure:14390: checking for msgfmt
configure:14417: result: /usr/bin/msgfmt
configure:14428: checking for dcgettext
configure:14428: gcc -o conftest -g -O2  -DG_DISABLE_SINGLE_INCLUDES -DGTK_DISABLE_SINGLE_INCLUDES -DG_DISABLE_DEPRECATED -DGTK_DISABLE_DEPRECATED -DGDK_DISABLE_DEPRECATED -DGDK_MULTIHEAD_SAFE -DGTK_MULTIHEAD_SAFE -DGSEAL_ENABLE -Wl,--as-needed  conftest.c   >&5
conftest.c:53: warning: conflicting types for built-in function 'dcgettext'
configure:14428: $? = 0
configure:14428: result: yes
configure:14438: checking if msgfmt accepts -c
configure:14453: $MSGFMT -c -o /dev/null conftest.foo
configure:14456: $? = 0
configure:14458: result: yes
configure:14468: checking for gmsgfmt
configure:14499: result: /usr/bin/msgfmt
configure:14509: checking for xgettext
configure:14536: result: /usr/bin/xgettext
configure:14555: gcc -o conftest -g -O2  -DG_DISABLE_SINGLE_INCLUDES -DGTK_DISABLE_SINGLE_INCLUDES -DG_DISABLE_DEPRECATED -DGTK_DISABLE_DEPRECATED -DGDK_DISABLE_DEPRECATED -DGDK_MULTIHEAD_SAFE -DGTK_MULTIHEAD_SAFE -DGSEAL_ENABLE -Wl,--as-needed  conftest.c   >&5
configure:14555: $? = 0
configure:14873: creating ./config.status

## ---------------------- ##
## Running config.status. ##
## ---------------------- ##

This file was extended by upower config.status 0.9.5, which was
generated by GNU Autoconf 2.66.  Invocation command line was

  CONFIG_FILES    = 
  CONFIG_HEADERS  = 
  CONFIG_LINKS    = 
  CONFIG_COMMANDS = 
  $ ./config.status 

on solusos

config.status:1226: creating Makefile
config.status:1226: creating devkit-power-gobject.pc
config.status:1226: creating upower-glib.pc
config.status:1226: creating etc/Makefile
config.status:1226: creating src/Makefile
config.status:1226: creating src/dummy/Makefile
config.status:1226: creating src/freebsd/Makefile
config.status:1226: creating src/linux/Makefile
config.status:1226: creating tools/Makefile
config.status:1226: creating doc/Makefile
config.status:1226: creating doc/version.xml
config.status:1226: creating doc/man/Makefile
config.status:1226: creating doc/dbus/Makefile
config.status:1226: creating policy/Makefile
config.status:1226: creating rules/Makefile
config.status:1226: creating devkit-power-gobject/Makefile
config.status:1226: creating devkit-power-gobject/dkp-version.h
config.status:1226: creating libupower-glib/Makefile
config.status:1226: creating libupower-glib/up-version.h
config.status:1226: creating po/Makefile.in
config.status:1226: creating config.h
config.status:1454: executing depfiles commands
config.status:1454: executing libtool commands
config.status:1454: executing default-1 commands
config.status:1454: executing po/stamp-it commands
configure:17135: WARNING: unrecognized options: --disable-maintainer-mode

## ---------------- ##
## Cache variables. ##
## ---------------- ##

ac_cv_build=i486-pc-linux-gnu
ac_cv_c_compiler_gnu=yes
ac_cv_env_CC_set=
ac_cv_env_CC_value=
ac_cv_env_CFLAGS_set=set
ac_cv_env_CFLAGS_value='-g -O2'
ac_cv_env_CPPFLAGS_set=set
ac_cv_env_CPPFLAGS_value=
ac_cv_env_CPP_set=
ac_cv_env_CPP_value=
ac_cv_env_DBUS_CFLAGS_set=
ac_cv_env_DBUS_CFLAGS_value=
ac_cv_env_DBUS_GLIB_CFLAGS_set=
ac_cv_env_DBUS_GLIB_CFLAGS_value=
ac_cv_env_DBUS_GLIB_LIBS_set=
ac_cv_env_DBUS_GLIB_LIBS_value=
ac_cv_env_DBUS_LIBS_set=
ac_cv_env_DBUS_LIBS_value=
ac_cv_env_GIO_CFLAGS_set=
ac_cv_env_GIO_CFLAGS_value=
ac_cv_env_GIO_LIBS_set=
ac_cv_env_GIO_LIBS_value=
ac_cv_env_GLIB_CFLAGS_set=
ac_cv_env_GLIB_CFLAGS_value=
ac_cv_env_GLIB_LIBS_set=
ac_cv_env_GLIB_LIBS_value=
ac_cv_env_GUDEV_CFLAGS_set=
ac_cv_env_GUDEV_CFLAGS_value=
ac_cv_env_GUDEV_LIBS_set=
ac_cv_env_GUDEV_LIBS_value=
ac_cv_env_IDEVICE_CFLAGS_set=
ac_cv_env_IDEVICE_CFLAGS_value=
ac_cv_env_IDEVICE_LIBS_set=
ac_cv_env_IDEVICE_LIBS_value=
ac_cv_env_LDFLAGS_set=set
ac_cv_env_LDFLAGS_value=
ac_cv_env_LIBS_set=
ac_cv_env_LIBS_value=
ac_cv_env_PKG_CONFIG_LIBDIR_set=
ac_cv_env_PKG_CONFIG_LIBDIR_value=
ac_cv_env_PKG_CONFIG_PATH_set=
ac_cv_env_PKG_CONFIG_PATH_value=
ac_cv_env_PKG_CONFIG_set=
ac_cv_env_PKG_CONFIG_value=
ac_cv_env_POLKIT_CFLAGS_set=
ac_cv_env_POLKIT_CFLAGS_value=
ac_cv_env_POLKIT_LIBS_set=
ac_cv_env_POLKIT_LIBS_value=
ac_cv_env_USB_CFLAGS_set=
ac_cv_env_USB_CFLAGS_value=
ac_cv_env_USB_LIBS_set=
ac_cv_env_USB_LIBS_value=
ac_cv_env_build_alias_set=set
ac_cv_env_build_alias_value=i486-linux-gnu
ac_cv_env_host_alias_set=
ac_cv_env_host_alias_value=
ac_cv_env_target_alias_set=
ac_cv_env_target_alias_value=
ac_cv_func_bind_textdomain_codeset=yes
ac_cv_func_dcgettext=yes
ac_cv_header_dlfcn_h=yes
ac_cv_header_inttypes_h=yes
ac_cv_header_libintl_h=yes
ac_cv_header_locale_h=yes
ac_cv_header_memory_h=yes
ac_cv_header_stdc=yes
ac_cv_header_stdint_h=yes
ac_cv_header_stdlib_h=yes
ac_cv_header_string_h=yes
ac_cv_header_strings_h=yes
ac_cv_header_sys_stat_h=yes
ac_cv_header_sys_types_h=yes
ac_cv_header_unistd_h=yes
ac_cv_host=i486-pc-linux-gnu
ac_cv_objext=o
ac_cv_path_EGREP='/bin/grep -E'
ac_cv_path_FGREP='/bin/grep -F'
ac_cv_path_GMSGFMT=/usr/bin/msgfmt
ac_cv_path_GREP=/bin/grep
ac_cv_path_GTKDOC_CHECK=/usr/bin/gtkdoc-check
ac_cv_path_GTKDOC_MKPDF=/usr/bin/gtkdoc-mkpdf
ac_cv_path_GTKDOC_REBASE=/usr/bin/gtkdoc-rebase
ac_cv_path_INTLTOOL_EXTRACT=/usr/bin/intltool-extract
ac_cv_path_INTLTOOL_MERGE=/usr/bin/intltool-merge
ac_cv_path_INTLTOOL_PERL=/usr/bin/perl
ac_cv_path_INTLTOOL_UPDATE=/usr/bin/intltool-update
ac_cv_path_MSGFMT=/usr/bin/msgfmt
ac_cv_path_MSGMERGE=/usr/bin/msgmerge
ac_cv_path_SED=/bin/sed
ac_cv_path_XGETTEXT=/usr/bin/xgettext
ac_cv_path_XSLTPROC=/usr/bin/xsltproc
ac_cv_path_ac_pt_PKG_CONFIG=/usr/bin/pkg-config
ac_cv_path_install='/usr/bin/install -c'
ac_cv_path_mkdir=/bin/mkdir
ac_cv_prog_AWK=gawk
ac_cv_prog_CPP='gcc -E'
ac_cv_prog_ac_ct_AR=ar
ac_cv_prog_ac_ct_CC=gcc
ac_cv_prog_ac_ct_OBJDUMP=objdump
ac_cv_prog_ac_ct_RANLIB=ranlib
ac_cv_prog_ac_ct_STRIP=strip
ac_cv_prog_cc_c89=
ac_cv_prog_cc_g=yes
ac_cv_prog_cc_gcc_c_o=yes
ac_cv_prog_make_make_set=yes
ac_cv_search_strerror='none required'
ac_cv_sys_file_offset_bits=64
ac_cv_sys_largefile_CC=no
am_cv_CC_dependencies_compiler_type=none
am_cv_prog_tar_ustar=gnutar
am_cv_val_LC_MESSAGES=yes
gt_cv_func_dgettext_libc=yes
gt_cv_func_dgettext_libintl=no
gt_cv_func_ngettext_libc=yes
gt_cv_have_gettext=yes
lt_cv_archive_cmds_need_lc=no
lt_cv_deplibs_check_method=pass_all
lt_cv_file_magic_cmd='$MAGIC_CMD'
lt_cv_file_magic_test_file=
lt_cv_ld_reload_flag=-r
lt_cv_nm_interface='BSD nm'
lt_cv_objdir=.libs
lt_cv_path_LD=/usr/bin/ld
lt_cv_path_NM='/usr/bin/nm -B'
lt_cv_prog_compiler_c_o=yes
lt_cv_prog_compiler_pic_works=yes
lt_cv_prog_compiler_rtti_exceptions=no
lt_cv_prog_compiler_static_works=yes
lt_cv_prog_gnu_ld=yes
lt_cv_shlibpath_overrides_runpath=no
lt_cv_sys_global_symbol_pipe='sed -n -e '\''s/^.*[	 ]\([ABCDGIRSTW][ABCDGIRSTW]*\)[	 ][	 ]*\([_A-Za-z][_A-Za-z0-9]*\)$/\1 \2 \2/p'\'''
lt_cv_sys_global_symbol_to_c_name_address='sed -n -e '\''s/^: \([^ ]*\) $/  {\"\1\", (void *) 0},/p'\'' -e '\''s/^[ABCDGIRSTW]* \([^ ]*\) \([^ ]*\)$/  {"\2", (void *) \&\2},/p'\'''
lt_cv_sys_global_symbol_to_c_name_address_lib_prefix='sed -n -e '\''s/^: \([^ ]*\) $/  {\"\1\", (void *) 0},/p'\'' -e '\''s/^[ABCDGIRSTW]* \([^ ]*\) \(lib[^ ]*\)$/  {"\2", (void *) \&\2},/p'\'' -e '\''s/^[ABCDGIRSTW]* \([^ ]*\) \([^ ]*\)$/  {"lib\2", (void *) \&\2},/p'\'''
lt_cv_sys_global_symbol_to_cdecl='sed -n -e '\''s/^T .* \(.*\)$/extern int \1();/p'\'' -e '\''s/^[ABCDGIRSTW]* .* \(.*\)$/extern char \1;/p'\'''
lt_cv_sys_max_cmd_len=805306365
pkg_cv_DBUS_CFLAGS='-I/usr/include/dbus-1.0 -I/usr/lib/dbus-1.0/include  '
pkg_cv_DBUS_GLIB_CFLAGS='-pthread -I/usr/include/dbus-1.0 -I/usr/lib/dbus-1.0/include -I/usr/include/glib-2.0 -I/usr/lib/glib-2.0/include  '
pkg_cv_DBUS_GLIB_LIBS='-pthread -ldbus-glib-1 -ldbus-1 -lpthread -lgobject-2.0 -lgthread-2.0 -lrt -lglib-2.0  '
pkg_cv_DBUS_LIBS='-ldbus-1 -lpthread -lrt  '
pkg_cv_GIO_CFLAGS='-pthread -I/usr/include/glib-2.0 -I/usr/lib/glib-2.0/include  '
pkg_cv_GIO_LIBS='-pthread -lgio-2.0 -lgobject-2.0 -lgmodule-2.0 -lgthread-2.0 -lrt -lglib-2.0  '
pkg_cv_GLIB_CFLAGS='-I/usr/include/glib-2.0 -I/usr/lib/glib-2.0/include  '
pkg_cv_GLIB_LIBS='-lglib-2.0  '
pkg_cv_GUDEV_CFLAGS='-pthread -I/usr/include/gudev-1.0 -I/usr/include/glib-2.0 -I/usr/lib/glib-2.0/include  '
pkg_cv_GUDEV_LIBS='-pthread -lgudev-1.0 -lgobject-2.0 -lgthread-2.0 -lrt -lglib-2.0  '
pkg_cv_IDEVICE_CFLAGS='-pthread -I/usr/include/glib-2.0 -I/usr/lib/glib-2.0/include -I/usr/include/libxml2  '
pkg_cv_IDEVICE_LIBS='-limobiledevice  '
pkg_cv_POLKIT_CFLAGS='-pthread -I/usr/include/polkit-1 -I/usr/include/glib-2.0 -I/usr/lib/glib-2.0/include  '
pkg_cv_POLKIT_LIBS='-pthread -lpolkit-gobject-1 -lgio-2.0 -lgobject-2.0 -lgmodule-2.0 -lgthread-2.0 -lrt -lglib-2.0  '
pkg_cv_USB_CFLAGS='-I/usr/include/libusb-1.0  '
pkg_cv_USB_LIBS='-lusb-1.0  '

## ----------------- ##
## Output variables. ##
## ----------------- ##

ACLOCAL='${SHELL} /home/ikey/UPOWER/upower-0.9.5/missing --run aclocal-1.11'
ALL_LINGUAS=''
AMDEPBACKSLASH=''
AMDEP_FALSE=''
AMDEP_TRUE='#'
AMTAR='${SHELL} /home/ikey/UPOWER/upower-0.9.5/missing --run tar'
AM_BACKSLASH='\'
AM_DEFAULT_VERBOSITY='0'
AR='ar'
AUTOCONF='${SHELL} /home/ikey/UPOWER/upower-0.9.5/missing --run autoconf'
AUTOHEADER='${SHELL} /home/ikey/UPOWER/upower-0.9.5/missing --run autoheader'
AUTOMAKE='${SHELL} /home/ikey/UPOWER/upower-0.9.5/missing --run automake-1.11'
AWK='gawk'
BACKEND='linux'
BACKEND_TYPE_DUMMY_FALSE=''
BACKEND_TYPE_DUMMY_TRUE='#'
BACKEND_TYPE_FREEBSD_FALSE=''
BACKEND_TYPE_FREEBSD_TRUE='#'
BACKEND_TYPE_LINUX_FALSE='#'
BACKEND_TYPE_LINUX_TRUE=''
CATALOGS=''
CATOBJEXT='.gmo'
CC='gcc'
CCDEPMODE='depmode=none'
CFLAGS='-g -O2'
CPP='gcc -E'
CPPFLAGS=' -DG_DISABLE_SINGLE_INCLUDES -DGTK_DISABLE_SINGLE_INCLUDES -DG_DISABLE_DEPRECATED -DGTK_DISABLE_DEPRECATED -DGDK_DISABLE_DEPRECATED -DGDK_MULTIHEAD_SAFE -DGTK_MULTIHEAD_SAFE -DGSEAL_ENABLE'
CYGPATH_W='echo'
DATADIRNAME='share'
DBUS_CFLAGS='-I/usr/include/dbus-1.0 -I/usr/lib/dbus-1.0/include  '
DBUS_GLIB_CFLAGS='-pthread -I/usr/include/dbus-1.0 -I/usr/lib/dbus-1.0/include -I/usr/include/glib-2.0 -I/usr/lib/glib-2.0/include  '
DBUS_GLIB_LIBS='-pthread -ldbus-glib-1 -ldbus-1 -lpthread -lgobject-2.0 -lgthread-2.0 -lrt -lglib-2.0  '
DBUS_LIBS='-ldbus-1 -lpthread -lrt  '
DEFS='-DHAVE_CONFIG_H'
DEPDIR='.deps'
DSYMUTIL=''
DUMPBIN=''
ECHO_C=''
ECHO_N='-n'
ECHO_T=''
EGREP='/bin/grep -E'
ENABLE_GTK_DOC_FALSE='#'
ENABLE_GTK_DOC_TRUE=''
EXEEXT=''
FGREP='/bin/grep -F'
GETTEXT_PACKAGE='upower'
GIO_CFLAGS='-pthread -I/usr/include/glib-2.0 -I/usr/lib/glib-2.0/include  '
GIO_LIBS='-pthread -lgio-2.0 -lgobject-2.0 -lgmodule-2.0 -lgthread-2.0 -lrt -lglib-2.0  '
GLIB_CFLAGS='-I/usr/include/glib-2.0 -I/usr/lib/glib-2.0/include  '
GLIB_LIBS='-lglib-2.0  '
GMOFILES=''
GMSGFMT='/usr/bin/msgfmt'
GREP='/bin/grep'
GTKDOC_CHECK='/usr/bin/gtkdoc-check'
GTKDOC_MKPDF='/usr/bin/gtkdoc-mkpdf'
GTKDOC_REBASE='/usr/bin/gtkdoc-rebase'
GTK_DOC_BUILD_HTML_FALSE='#'
GTK_DOC_BUILD_HTML_TRUE=''
GTK_DOC_BUILD_PDF_FALSE=''
GTK_DOC_BUILD_PDF_TRUE='#'
GTK_DOC_USE_LIBTOOL_FALSE='#'
GTK_DOC_USE_LIBTOOL_TRUE=''
GTK_DOC_USE_REBASE_FALSE='#'
GTK_DOC_USE_REBASE_TRUE=''
GUDEV_CFLAGS='-pthread -I/usr/include/gudev-1.0 -I/usr/include/glib-2.0 -I/usr/lib/glib-2.0/include  '
GUDEV_LIBS='-pthread -lgudev-1.0 -lgobject-2.0 -lgthread-2.0 -lrt -lglib-2.0  '
HAVE_IDEVICE_FALSE='#'
HAVE_IDEVICE_TRUE=''
HAVE_INTROSPECTION_FALSE='#'
HAVE_INTROSPECTION_TRUE=''
HTML_DIR='${datadir}/gtk-doc/html'
IDEVICE_CFLAGS='-pthread -I/usr/include/glib-2.0 -I/usr/lib/glib-2.0/include -I/usr/include/libxml2  '
IDEVICE_LIBS='-limobiledevice  '
INSTALL_DATA='${INSTALL} -m 644'
INSTALL_PROGRAM='${INSTALL}'
INSTALL_SCRIPT='${INSTALL}'
INSTALL_STRIP_PROGRAM='$(install_sh) -c -s'
INSTOBJEXT='.mo'
INTLLIBS=''
INTLTOOL_CAVES_RULE='%.caves:     %.caves.in     $(INTLTOOL_MERGE) $(wildcard $(top_srcdir)/po/*.po) ; LC_ALL=C $(INTLTOOL_MERGE) -d -u -c $(top_builddir)/po/.intltool-merge-cache $(top_srcdir)/po $< $@'
INTLTOOL_DESKTOP_RULE='%.desktop:   %.desktop.in   $(INTLTOOL_MERGE) $(wildcard $(top_srcdir)/po/*.po) ; LC_ALL=C $(INTLTOOL_MERGE) -d -u -c $(top_builddir)/po/.intltool-merge-cache $(top_srcdir)/po $< $@'
INTLTOOL_DIRECTORY_RULE='%.directory: %.directory.in $(INTLTOOL_MERGE) $(wildcard $(top_srcdir)/po/*.po) ; LC_ALL=C $(INTLTOOL_MERGE) -d -u -c $(top_builddir)/po/.intltool-merge-cache $(top_srcdir)/po $< $@'
INTLTOOL_EXTRACT='/usr/bin/intltool-extract'
INTLTOOL_KBD_RULE='%.kbd:       %.kbd.in       $(INTLTOOL_MERGE) $(wildcard $(top_srcdir)/po/*.po) ; LC_ALL=C $(INTLTOOL_MERGE) -x -u -m -c $(top_builddir)/po/.intltool-merge-cache $(top_srcdir)/po $< $@'
INTLTOOL_KEYS_RULE='%.keys:      %.keys.in      $(INTLTOOL_MERGE) $(wildcard $(top_srcdir)/po/*.po) ; LC_ALL=C $(INTLTOOL_MERGE) -k -u -c $(top_builddir)/po/.intltool-merge-cache $(top_srcdir)/po $< $@'
INTLTOOL_MERGE='/usr/bin/intltool-merge'
INTLTOOL_OAF_RULE='%.oaf:       %.oaf.in       $(INTLTOOL_MERGE) $(wildcard $(top_srcdir)/po/*.po) ; LC_ALL=C $(INTLTOOL_MERGE) -o -p $(top_srcdir)/po $< $@'
INTLTOOL_PERL='/usr/bin/perl'
INTLTOOL_POLICY_RULE='%.policy:    %.policy.in    $(INTLTOOL_MERGE) $(wildcard $(top_srcdir)/po/*.po) ; LC_ALL=C $(INTLTOOL_MERGE) -x -u -c $(top_builddir)/po/.intltool-merge-cache $(top_srcdir)/po $< $@'
INTLTOOL_PONG_RULE='%.pong:      %.pong.in      $(INTLTOOL_MERGE) $(wildcard $(top_srcdir)/po/*.po) ; LC_ALL=C $(INTLTOOL_MERGE) -x -u -c $(top_builddir)/po/.intltool-merge-cache $(top_srcdir)/po $< $@'
INTLTOOL_PROP_RULE='%.prop:      %.prop.in      $(INTLTOOL_MERGE) $(wildcard $(top_srcdir)/po/*.po) ; LC_ALL=C $(INTLTOOL_MERGE) -d -u -c $(top_builddir)/po/.intltool-merge-cache $(top_srcdir)/po $< $@'
INTLTOOL_SCHEMAS_RULE='%.schemas:   %.schemas.in   $(INTLTOOL_MERGE) $(wildcard $(top_srcdir)/po/*.po) ; LC_ALL=C $(INTLTOOL_MERGE) -s -u -c $(top_builddir)/po/.intltool-merge-cache $(top_srcdir)/po $< $@'
INTLTOOL_SERVER_RULE='%.server:    %.server.in    $(INTLTOOL_MERGE) $(wildcard $(top_srcdir)/po/*.po) ; LC_ALL=C $(INTLTOOL_MERGE) -o -u -c $(top_builddir)/po/.intltool-merge-cache $(top_srcdir)/po $< $@'
INTLTOOL_SERVICE_RULE='%.service: %.service.in   $(INTLTOOL_MERGE) $(wildcard $(top_srcdir)/po/*.po) ; LC_ALL=C $(INTLTOOL_MERGE) -d -u -c $(top_builddir)/po/.intltool-merge-cache $(top_srcdir)/po $< $@'
INTLTOOL_SHEET_RULE='%.sheet:     %.sheet.in     $(INTLTOOL_MERGE) $(wildcard $(top_srcdir)/po/*.po) ; LC_ALL=C $(INTLTOOL_MERGE) -x -u -c $(top_builddir)/po/.intltool-merge-cache $(top_srcdir)/po $< $@'
INTLTOOL_SOUNDLIST_RULE='%.soundlist: %.soundlist.in $(INTLTOOL_MERGE) $(wildcard $(top_srcdir)/po/*.po) ; LC_ALL=C $(INTLTOOL_MERGE) -d -u -c $(top_builddir)/po/.intltool-merge-cache $(top_srcdir)/po $< $@'
INTLTOOL_THEME_RULE='%.theme:     %.theme.in     $(INTLTOOL_MERGE) $(wildcard $(top_srcdir)/po/*.po) ; LC_ALL=C $(INTLTOOL_MERGE) -d -u -c $(top_builddir)/po/.intltool-merge-cache $(top_srcdir)/po $< $@'
INTLTOOL_UI_RULE='%.ui:        %.ui.in        $(INTLTOOL_MERGE) $(wildcard $(top_srcdir)/po/*.po) ; LC_ALL=C $(INTLTOOL_MERGE) -x -u -c $(top_builddir)/po/.intltool-merge-cache $(top_srcdir)/po $< $@'
INTLTOOL_UPDATE='/usr/bin/intltool-update'
INTLTOOL_XAM_RULE='%.xam:       %.xml.in       $(INTLTOOL_MERGE) $(wildcard $(top_srcdir)/po/*.po) ; LC_ALL=C $(INTLTOOL_MERGE) -x -u -c $(top_builddir)/po/.intltool-merge-cache $(top_srcdir)/po $< $@'
INTLTOOL_XML_NOMERGE_RULE='%.xml:       %.xml.in       $(INTLTOOL_MERGE) ; LC_ALL=C $(INTLTOOL_MERGE) -x -u /tmp $< $@'
INTLTOOL_XML_RULE='%.xml:       %.xml.in       $(INTLTOOL_MERGE) $(wildcard $(top_srcdir)/po/*.po) ; LC_ALL=C $(INTLTOOL_MERGE) -x -u -c $(top_builddir)/po/.intltool-merge-cache $(top_srcdir)/po $< $@'
INTROSPECTION_CFLAGS='-pthread -I/usr/include/gobject-introspection-1.0 -I/usr/include/glib-2.0 -I/usr/lib/glib-2.0/include  '
INTROSPECTION_COMPILER='/usr/bin/g-ir-compiler'
INTROSPECTION_GENERATE='/usr/bin/g-ir-generate'
INTROSPECTION_GIRDIR='/usr/share/gir-1.0'
INTROSPECTION_LIBS='-Wl,--export-dynamic -pthread -lgirepository-1.0 -lgobject-2.0 -lgmodule-2.0 -lffi -lgthread-2.0 -lrt -lglib-2.0  '
INTROSPECTION_MAKEFILE='/usr/share/gobject-introspection-1.0/Makefile.introspection'
INTROSPECTION_SCANNER='/usr/bin/g-ir-scanner'
INTROSPECTION_TYPELIBDIR='/usr/lib/girepository-1.0'
LD='/usr/bin/ld'
LDFLAGS='-Wl,--as-needed '
LIBOBJS=''
LIBS=''
LIBTOOL='$(SHELL) $(top_builddir)/libtool'
LIPO=''
LN_S='ln -s'
LTLIBOBJS=''
LT_AGE='0'
LT_CURRENT='1'
LT_REVISION='1'
MAKEINFO='${SHELL} /home/ikey/UPOWER/upower-0.9.5/missing --run makeinfo'
MAN_PAGES_ENABLED_FALSE='#'
MAN_PAGES_ENABLED_TRUE=''
MKDIR_P='/bin/mkdir -p'
MKINSTALLDIRS='./mkinstalldirs'
MSGFMT='/usr/bin/msgfmt'
MSGFMT_OPTS='-c'
MSGMERGE='/usr/bin/msgmerge'
NM='/usr/bin/nm -B'
NMEDIT=''
OBJDUMP='objdump'
OBJEXT='o'
OTOOL64=''
OTOOL=''
PACKAGE='upower'
PACKAGE_BUGREPORT='richard@hughsie.com'
PACKAGE_NAME='upower'
PACKAGE_STRING='upower 0.9.5'
PACKAGE_TARNAME='upower'
PACKAGE_URL=''
PACKAGE_VERSION='0.9.5'
PATH_SEPARATOR=':'
PKG_CONFIG='/usr/bin/pkg-config'
PKG_CONFIG_LIBDIR=''
PKG_CONFIG_PATH=''
POFILES=''
POLKIT_CFLAGS='-pthread -I/usr/include/polkit-1 -I/usr/include/glib-2.0 -I/usr/lib/glib-2.0/include  '
POLKIT_LIBS='-pthread -lpolkit-gobject-1 -lgio-2.0 -lgobject-2.0 -lgmodule-2.0 -lgthread-2.0 -lrt -lglib-2.0  '
POSUB='po'
PO_IN_DATADIR_FALSE=''
PO_IN_DATADIR_TRUE=''
RANLIB='ranlib'
SED='/bin/sed'
SET_MAKE=''
SHELL='/bin/bash'
STRIP='strip'
UP_BUILD_TESTS_FALSE='#'
UP_BUILD_TESTS_TRUE=''
UP_MAJOR_VERSION='0'
UP_MICRO_VERSION='5'
UP_MINOR_VERSION='9'
USB_CFLAGS='-I/usr/include/libusb-1.0  '
USB_LIBS='-lusb-1.0  '
USE_NLS='yes'
VERSION='0.9.5'
WARNINGFLAGS_C=' -Wall -Wcast-align -Wno-uninitialized -Wmissing-declarations -Wpointer-arith -Wcast-align -Wwrite-strings -Winit-self -Wreturn-type -Wformat-nonliteral -Wformat-security -Wmissing-format-attribute -Wsign-compare -Wuninitialized -Waggregate-return -Wdeclaration-after-statement -Wno-strict-aliasing'
XGETTEXT='/usr/bin/xgettext'
XSLTPROC='/usr/bin/xsltproc'
ac_ct_CC='gcc'
ac_ct_DUMPBIN=''
am__EXEEXT_FALSE=''
am__EXEEXT_TRUE='#'
am__fastdepCC_FALSE=''
am__fastdepCC_TRUE='#'
am__include='include'
am__isrc=''
am__leading_dot='.'
am__quote=''
am__tar='tar --format=ustar -chf - "$$tardir"'
am__untar='tar -xf -'
bindir='${exec_prefix}/bin'
build='i486-pc-linux-gnu'
build_alias='i486-linux-gnu'
build_cpu='i486'
build_os='linux-gnu'
build_vendor='pc'
datadir='${datarootdir}'
datarootdir='${prefix}/share'
docdir='${datarootdir}/doc/${PACKAGE_TARNAME}'
dvidir='${docdir}'
exec_prefix='${prefix}'
host='i486-pc-linux-gnu'
host_alias=''
host_cpu='i486'
host_os='linux-gnu'
host_vendor='pc'
htmldir='${docdir}'
includedir='${prefix}/include'
infodir='${prefix}/share/info'
install_sh='${SHELL} /home/ikey/UPOWER/upower-0.9.5/install-sh'
libdir='${exec_prefix}/lib'
libexecdir='${prefix}/lib/upower'
localedir='${datarootdir}/locale'
localstatedir='/var'
mandir='${prefix}/share/man'
mkdir_p='/bin/mkdir -p'
oldincludedir='/usr/include'
pdfdir='${docdir}'
prefix='/usr'
program_transform_name='s,x,x,'
psdir='${docdir}'
sbindir='${exec_prefix}/sbin'
sharedstatedir='${prefix}/com'
slashlibdir='/lib'
sysconfdir='/etc'
target_alias=''

## ----------- ##
## confdefs.h. ##
## ----------- ##

/* confdefs.h */
#define PACKAGE_NAME "upower"
#define PACKAGE_TARNAME "upower"
#define PACKAGE_VERSION "0.9.5"
#define PACKAGE_STRING "upower 0.9.5"
#define PACKAGE_BUGREPORT "richard@hughsie.com"
#define PACKAGE_URL ""
#define PACKAGE "upower"
#define VERSION "0.9.5"
#define STDC_HEADERS 1
#define HAVE_SYS_TYPES_H 1
#define HAVE_SYS_STAT_H 1
#define HAVE_STDLIB_H 1
#define HAVE_STRING_H 1
#define HAVE_MEMORY_H 1
#define HAVE_STRINGS_H 1
#define HAVE_INTTYPES_H 1
#define HAVE_STDINT_H 1
#define HAVE_UNISTD_H 1
#define HAVE_DLFCN_H 1
#define LT_OBJDIR ".libs/"
#define _FILE_OFFSET_BITS 64
#define BACKEND "linux"
#define HAVE_IDEVICE 1
#define HAVE_LOCALE_H 1
#define HAVE_LC_MESSAGES 1
#define HAVE_BIND_TEXTDOMAIN_CODESET 1
#define HAVE_GETTEXT 1
#define HAVE_DCGETTEXT 1
#define ENABLE_NLS 1
#define GETTEXT_PACKAGE "upower"

configure: exit 0
